  ECS SFML Platformer.cpp
C:\Users\holly\source\repos\ECS SFML Platformer\SourceCode\Public\Helper\HGrid.h(39,51): warning C4244: 'argument': conversion from 'uint32_t' to 'T', possible loss of data
          with
          [
              T=float
          ]
C:\Users\holly\source\repos\ECS SFML Platformer\SourceCode\Public\Helper\HGrid.h(40,51): warning C4244: 'argument': conversion from 'uint32_t' to 'T', possible loss of data
          with
          [
              T=float
          ]
C:\Users\holly\source\repos\ECS SFML Platformer\SourceCode\Public\Helper\HGrid.h(44,56): warning C4244: 'argument': conversion from 'uint32_t' to 'T', possible loss of data
          with
          [
              T=float
          ]
C:\Users\holly\source\repos\ECS SFML Platformer\SourceCode\Public\Helper\HGrid.h(45,89): warning C4244: 'argument': conversion from 'uint32_t' to 'T', possible loss of data
          with
          [
              T=float
          ]
  MSystemManager.cpp
C:\Users\holly\source\repos\ECS SFML Platformer\SourceCode\Public\Helper\HGrid.h(39,51): warning C4244: 'argument': conversion from 'uint32_t' to 'T', possible loss of data
          with
          [
              T=float
          ]
C:\Users\holly\source\repos\ECS SFML Platformer\SourceCode\Public\Helper\HGrid.h(40,51): warning C4244: 'argument': conversion from 'uint32_t' to 'T', possible loss of data
          with
          [
              T=float
          ]
C:\Users\holly\source\repos\ECS SFML Platformer\SourceCode\Public\Helper\HGrid.h(44,56): warning C4244: 'argument': conversion from 'uint32_t' to 'T', possible loss of data
          with
          [
              T=float
          ]
C:\Users\holly\source\repos\ECS SFML Platformer\SourceCode\Public\Helper\HGrid.h(45,89): warning C4244: 'argument': conversion from 'uint32_t' to 'T', possible loss of data
          with
          [
              T=float
          ]
  Generating Code...
  ECS SFML Platformer.vcxproj -> C:\Users\holly\source\repos\ECS SFML Platformer\Debug\ECS SFML Platformer.exe
